<?xml version="1.0" encoding="UTF-8"?>
<testsuites name="Mocha Tests" time="52.205" tests="3" failures="0">
  <testsuite name="Root Suite" timestamp="2023-12-18T04:54:33" tests="0" file="cypress/e2e/tests/LoginTest.cy.js" time="0.000" failures="0">
  </testsuite>
  <testsuite name="Success and Fail login flow" timestamp="2023-12-18T04:54:33" tests="3" time="52.172" failures="0">
    <testcase name="Success and Fail login flow should login successfully with valid credentials" time="14.531" classname="should login successfully with valid credentials">
    </testcase>
    <testcase name="Success and Fail login flow should fail to login with invalid credentials" time="14.024" classname="should fail to login with invalid credentials">
    </testcase>
    <testcase name="Success and Fail login flow should perform login and logout" time="19.966" classname="should perform login and logout">
    </testcase>
  </testsuite>
</testsuites>