<?xml version="1.0" encoding="UTF-8"?>
<testsuites name="Mocha Tests" time="57.429" tests="3" failures="0">
  <testsuite name="Root Suite" timestamp="2023-12-18T04:00:39" tests="0" file="cypress/e2e/tests/LoginTest.cy.js" time="0.000" failures="0">
  </testsuite>
  <testsuite name="Success and Fail login flow" timestamp="2023-12-18T04:00:39" tests="3" time="57.290" failures="0">
    <testcase name="Success and Fail login flow should login successfully with valid credentials" time="14.249" classname="should login successfully with valid credentials">
    </testcase>
    <testcase name="Success and Fail login flow should fail to login with invalid credentials" time="11.734" classname="should fail to login with invalid credentials">
    </testcase>
    <testcase name="Success and Fail login flow should perform login and logout" time="26.239" classname="should perform login and logout">
    </testcase>
  </testsuite>
</testsuites>