<?xml version="1.0" encoding="UTF-8"?>
<testsuites name="Mocha Tests" time="16.647" tests="1" failures="0">
  <testsuite name="Root Suite" timestamp="2023-12-18T04:01:40" tests="0" file="cypress/e2e/tests/RegistrationTest.cy.js" time="0.000" failures="0">
  </testsuite>
  <testsuite name="User Login Test Scenario" timestamp="2023-12-18T04:01:40" tests="1" time="16.615" failures="0">
    <testcase name="User Login Test Scenario should register the new user" time="15.545" classname="should register the new user">
    </testcase>
  </testsuite>
</testsuites>